<?xml version="1.0" encoding="UTF-8"?>
<testng-results ignored="3" total="4" passed="1" failed="0" skipped="0">
  <reporter-output>
    <line>
      <![CDATA[testing...]]>
    </line>
    <line>
      <![CDATA[passed]]>
    </line>
  </reporter-output>
  <suite started-at="2023-01-06T17:45:39 IST" name="Default Suite" finished-at="2023-01-06T17:45:41 IST" duration-ms="1869">
    <groups>
    </groups>
    <test started-at="2023-01-06T17:45:39 IST" name="RestAssured" finished-at="2023-01-06T17:45:41 IST" duration-ms="1869">
      <class name="org.example.BasicAPITests">
        <test-method signature="getAuthenticatedUsers()[pri:0, instance:org.example.BasicAPITests@15d9bc04]" started-at="2023-01-06T17:45:39 IST" name="getAuthenticatedUsers" finished-at="2023-01-06T17:45:41 IST" duration-ms="1839" status="PASS">
          <reporter-output>
            <line>
              <![CDATA[testing...]]>
            </line>
            <line>
              <![CDATA[passed]]>
            </line>
          </reporter-output>
        </test-method> <!-- getAuthenticatedUsers -->
      </class> <!-- org.example.BasicAPITests -->
    </test> <!-- RestAssured -->
  </suite> <!-- Default Suite -->
</testng-results>
