<?xml version="1.0" encoding="UTF-8"?>
<!-- Generated by org.testng.reporters.JUnitXMLReporter -->
<testsuite ignored="3" hostname="MBP-C02F5ASXMD6M" failures="0" tests="1" name="RestAssured" time="2.141" errors="0" timestamp="2023-01-07T13:47:34 IST">
  <testcase classname="org.example.BasicAPITests" name="getAuthenticatedUsers" time="2.104"/>
  <testcase classname="org.example.BasicAPITests" name="postUser" time="0.0">
    <ignored/>
  </testcase> <!-- postUser -->
  <testcase classname="org.example.BasicAPITests" name="getUsers" time="0.0">
    <ignored/>
  </testcase> <!-- getUsers -->
  <testcase classname="org.example.BasicAPITests" name="getSingleUser" time="0.0">
    <ignored/>
  </testcase> <!-- getSingleUser -->
</testsuite> <!-- RestAssured -->
